<!--Generated by ::xox::SimpleXmlNodeWriter bthomass at Mon Jul 16 16:10:59 EDT 2007-->

<xounit:TestResult>
    <name>abc Unit Tests</name>
    <xounit:TestResult>
        <name>::abc::test::TestPackageAbc</name>
        <xounit:TestFailure>
            <error>Please implement me</error>
            <name>::abc::test::TestPackageAbc</name>
            <test>testNsProc</test>
            <testedClass>::abc::test::TestPackageAbc</testedClass>
            <testedMethod>testNsProc</testedMethod>
        </xounit:TestFailure>
        <xounit:TestPass>
            <name>::abc::test::TestPackageAbc</name>
            <test>testVarsUnchanged</test>
            <testedClass>::abc::test::TestPackageAbc</testedClass>
            <testedMethod>testVarsUnchanged</testedMethod>
        </xounit:TestPass>
        <xounit:TestPass>
            <name>::abc::test::TestPackageAbc</name>
            <test>testClassesExist</test>
            <testedClass>::abc::test::TestPackageAbc</testedClass>
            <testedMethod>testClassesExist</testedMethod>
        </xounit:TestPass>
    </xounit:TestResult>
    <xounit:TestResult>
        <name>::abc::test::TestABCD</name>
        <xounit:TestFailure>
            <error>Please implement me</error>
            <name>::abc::test::TestABCD</name>
            <test>testNonPosMethod</test>
            <testedClass>::abc::test::TestABCD</testedClass>
            <testedMethod>testNonPosMethod</testedMethod>
        </xounit:TestFailure>
        <xounit:TestFailure>
            <error>Please implement me</error>
            <name>::abc::test::TestABCD</name>
            <test>testOtherMethod</test>
            <testedClass>::abc::test::TestABCD</testedClass>
            <testedMethod>testOtherMethod</testedMethod>
        </xounit:TestFailure>
        <xounit:TestFailure>
            <error>Please implement me</error>
            <name>::abc::test::TestABCD</name>
            <test>testSomeMethod</test>
            <testedClass>::abc::test::TestABCD</testedClass>
            <testedMethod>testSomeMethod</testedMethod>
        </xounit:TestFailure>
        <xounit:TestPass>
            <name>::abc::test::TestABCD</name>
            <test>testVarsUnchanged</test>
            <testedClass>::abc::test::TestABCD</testedClass>
            <testedMethod>testVarsUnchanged</testedMethod>
        </xounit:TestPass>
    </xounit:TestResult>
</xounit:TestResult>

